#
# There is insufficient memory for the Java Runtime Environment to continue.
# Native memory allocation (mmap) failed to map 25165824 bytes. Error detail: G1 virtual space
# Possible reasons:
#   The system is out of physical RAM or swap space
#   This process is running with CompressedOops enabled, and the Java Heap may be blocking the growth of the native heap
# Possible solutions:
#   Reduce memory load on the system
#   Increase physical memory or swap space
#   Check if swap backing store is full
#   Decrease Java heap size (-Xmx/-Xms)
#   Decrease number of Java threads
#   Decrease Java thread stack sizes (-Xss)
#   Set larger code cache with -XX:ReservedCodeCacheSize=
#   JVM is running with Unscaled Compressed Oops mode in which the Java heap is
#     placed in the first 4GB address space. The Java Heap base address is the
#     maximum limit for the native heap growth. Please use -XX:HeapBaseMinAddress
#     to set the Java Heap base and to place the Java Heap above 4GB virtual address.
# This output file may be truncated or incomplete.
#
#  Out of Memory Error (os_windows.cpp:3686), pid=25304, tid=22836
#
# JRE version: OpenJDK Runtime Environment Corretto-21.0.6.7.1 (21.0.6+7) (build 21.0.6+7-LTS)
# Java VM: OpenJDK 64-Bit Server VM Corretto-21.0.6.7.1 (21.0.6+7-LTS, mixed mode, emulated-client, sharing, tiered, compressed oops, compressed class ptrs, g1 gc, windows-amd64)
# No core dump will be written. Minidumps are not enabled by default on client versions of Windows
#

---------------  S U M M A R Y ------------

Command Line: -Dquarkus-internal.serialized-app-model.path=C:\Users\juanc\Desktop\Universidad\APIs\target\quarkus\bootstrap\dev-app-model.dat -javaagent:C:\Users\juanc\.m2\repository\io\quarkus\quarkus-class-change-agent\3.18.4\quarkus-class-change-agent-3.18.4.jar -XX:TieredStopAtLevel=1 -agentlib:jdwp=transport=dt_socket,address=localhost:5005,server=y,suspend=n -Djava.util.logging.manager=org.jboss.logmanager.LogManager C:\Users\juanc\Desktop\Universidad\APIs\target\proyecto-final-dev.jar

Host: AMD Ryzen 5 7520U with Radeon Graphics         , 8 cores, 5G,  Windows 11 , 64 bit Build 26100 (10.0.26100.3037)
Time: Sun Apr  6 16:19:41 2025 Hora est. Pacífico, Sudamérica elapsed time: 22.251516 seconds (0d 0h 0m 22s)

---------------  T H R E A D  ---------------

Current thread (0x00000281c7b4f4f0):  VMThread "VM Thread"          [id=22836, stack(0x000000cdadf00000,0x000000cdae000000) (1024K)]

Stack: [0x000000cdadf00000,0x000000cdae000000]
Native frames: (J=compiled Java code, j=interpreted, Vv=VM code, C=native code)
V  [jvm.dll+0x6da5e9]
V  [jvm.dll+0x8b6b73]
V  [jvm.dll+0x8b8ece]
V  [jvm.dll+0x8b95b3]
V  [jvm.dll+0x286256]
V  [jvm.dll+0x6d6ea5]
V  [jvm.dll+0x6cabba]
V  [jvm.dll+0x35f57b]
V  [jvm.dll+0x367146]
V  [jvm.dll+0x3b9416]
V  [jvm.dll+0x3b96e8]
V  [jvm.dll+0x332c6c]
V  [jvm.dll+0x332cf7]
V  [jvm.dll+0x377b8c]
V  [jvm.dll+0x37633e]
V  [jvm.dll+0x3323c1]
V  [jvm.dll+0x375d68]
V  [jvm.dll+0x8bf128]
V  [jvm.dll+0x8c04a4]
V  [jvm.dll+0x8c09e0]
V  [jvm.dll+0x8c0c73]
V  [jvm.dll+0x85f868]
V  [jvm.dll+0x6d8ded]
C  [ucrtbase.dll+0x37b0]
C  [KERNEL32.DLL+0x2e8d7]
C  [ntdll.dll+0xbbf2c]

VM_Operation (0x000000cdb01fe0c0): G1TryInitiateConcMark, mode: safepoint, requested by thread 0x00000281e1170be0


---------------  P R O C E S S  ---------------

Threads class SMR info:
_java_thread_list=0x00000281e11fe130, length=32, elements={
0x00000281d9e576e0, 0x00000281d9e5adb0, 0x00000281d9e5de00, 0x00000281d9e5e850,
0x00000281d9e63e20, 0x00000281d9e64870, 0x00000281d9e662d0, 0x00000281de0866f0,
0x00000281de692bc0, 0x00000281de6a0540, 0x00000281de6acd00, 0x00000281de6f4a50,
0x00000281de0cff80, 0x00000281dfd0aed0, 0x00000281dfd05ce0, 0x00000281dfd08e80,
0x00000281dfe07be0, 0x00000281dfe08240, 0x00000281dfe13450, 0x00000281dfe15d50,
0x00000281e1170550, 0x00000281e116f1a0, 0x00000281e116f830, 0x00000281e1170be0,
0x00000281e116fec0, 0x00000281e116ddf0, 0x00000281e1171270, 0x00000281e1171900,
0x00000281e116e480, 0x00000281e116eb10, 0x00000281de8dc0f0, 0x00000281e17b7f90
}

Java Threads: ( => current thread )
  0x00000281d9e576e0 JavaThread "Reference Handler"          daemon [_thread_blocked, id=23020, stack(0x000000cdae000000,0x000000cdae100000) (1024K)]
  0x00000281d9e5adb0 JavaThread "Finalizer"                  daemon [_thread_blocked, id=21864, stack(0x000000cdae100000,0x000000cdae200000) (1024K)]
  0x00000281d9e5de00 JavaThread "Signal Dispatcher"          daemon [_thread_blocked, id=25552, stack(0x000000cdae200000,0x000000cdae300000) (1024K)]
  0x00000281d9e5e850 JavaThread "Attach Listener"            daemon [_thread_blocked, id=23104, stack(0x000000cdae300000,0x000000cdae400000) (1024K)]
  0x00000281d9e63e20 JavaThread "Service Thread"             daemon [_thread_blocked, id=27860, stack(0x000000cdae400000,0x000000cdae500000) (1024K)]
  0x00000281d9e64870 JavaThread "Monitor Deflation Thread"   daemon [_thread_blocked, id=28004, stack(0x000000cdae500000,0x000000cdae600000) (1024K)]
  0x00000281d9e662d0 JavaThread "C1 CompilerThread0"         daemon [_thread_blocked, id=17144, stack(0x000000cdae600000,0x000000cdae700000) (1024K)]
  0x00000281de0866f0 JavaThread "Common-Cleaner"             daemon [_thread_blocked, id=21632, stack(0x000000cdae700000,0x000000cdae800000) (1024K)]
  0x00000281de692bc0 JavaThread "JDWP Transport Listener: dt_socket" daemon [_thread_in_native, id=24408, stack(0x000000cdae800000,0x000000cdae900000) (1024K)]
  0x00000281de6a0540 JavaThread "JDWP Event Helper Thread"   daemon [_thread_blocked, id=3980, stack(0x000000cdae900000,0x000000cdaea00000) (1024K)]
  0x00000281de6acd00 JavaThread "Notification Thread"        daemon [_thread_blocked, id=13940, stack(0x000000cdaea00000,0x000000cdaeb00000) (1024K)]
  0x00000281de6f4a50 JavaThread "Reference Reaper #1"        daemon [_thread_blocked, id=28652, stack(0x000000cdaeb00000,0x000000cdaec00000) (1024K)]
  0x00000281de0cff80 JavaThread "Quarkus Devmode keep alive thread"        [_thread_blocked, id=27340, stack(0x000000cdaf400000,0x000000cdaf500000) (1024K)]
  0x00000281dfd0aed0 JavaThread "ForkJoinPool.commonPool-worker-1" daemon [_thread_blocked, id=21108, stack(0x000000cdaf500000,0x000000cdaf600000) (1024K)]
  0x00000281dfd05ce0 JavaThread "ForkJoinPool.commonPool-worker-2" daemon [_thread_blocked, id=26532, stack(0x000000cdaf600000,0x000000cdaf700000) (1024K)]
  0x00000281dfd08e80 JavaThread "ForkJoinPool.commonPool-worker-3" daemon [_thread_blocked, id=13292, stack(0x000000cdaf700000,0x000000cdaf800000) (1024K)]
  0x00000281dfe07be0 JavaThread "ForkJoinPool.commonPool-worker-4" daemon [_thread_blocked, id=28456, stack(0x000000cdaf800000,0x000000cdaf900000) (1024K)]
  0x00000281dfe08240 JavaThread "ForkJoinPool.commonPool-worker-5" daemon [_thread_blocked, id=20824, stack(0x000000cdaf900000,0x000000cdafa00000) (1024K)]
  0x00000281dfe13450 JavaThread "ForkJoinPool.commonPool-worker-6" daemon [_thread_blocked, id=28020, stack(0x000000cdafa00000,0x000000cdafb00000) (1024K)]
  0x00000281dfe15d50 JavaThread "ForkJoinPool.commonPool-worker-7" daemon [_thread_blocked, id=27228, stack(0x000000cdafb00000,0x000000cdafc00000) (1024K)]
  0x00000281e1170550 JavaThread "WindowsStreamPump"          daemon [_thread_in_native, id=27924, stack(0x000000cdaf300000,0x000000cdaf400000) (1024K)]
  0x00000281e116f1a0 JavaThread "Aesh InputStream Reader"    daemon [_thread_blocked, id=22224, stack(0x000000cdafc00000,0x000000cdafd00000) (1024K)]
  0x00000281e116f830 JavaThread "vertx-blocked-thread-checker" daemon [_thread_blocked, id=22372, stack(0x000000cdb0000000,0x000000cdb0100000) (1024K)]
  0x00000281e1170be0 JavaThread "vert.x-eventloop-thread-0"         [_thread_blocked, id=9852, stack(0x000000cdb0100000,0x000000cdb0200000) (1024K)]
  0x00000281e116fec0 JavaThread "vert.x-eventloop-thread-1"         [_thread_in_native, id=17688, stack(0x000000cdb0200000,0x000000cdb0300000) (1024K)]
  0x00000281e116ddf0 JavaThread "vert.x-acceptor-thread-0"          [_thread_blocked, id=21892, stack(0x000000cdb0300000,0x000000cdb0400000) (1024K)]
  0x00000281e1171270 JavaThread "vert.x-eventloop-thread-2"         [_thread_in_native, id=15280, stack(0x000000cdb0400000,0x000000cdb0500000) (1024K)]
  0x00000281e1171900 JavaThread "DestroyJavaVM"                     [_thread_blocked, id=20564, stack(0x000000cdad800000,0x000000cdad900000) (1024K)]
  0x00000281e116e480 JavaThread "vert.x-worker-thread-1"            [_thread_blocked, id=21176, stack(0x000000cdafe00000,0x000000cdaff00000) (1024K)]
  0x00000281e116eb10 JavaThread "vert.x-worker-thread-2"            [_thread_blocked, id=25756, stack(0x000000cdaff00000,0x000000cdb0000000) (1024K)]
  0x00000281de8dc0f0 JavaThread "C1 CompilerThread1"         daemon [_thread_blocked, id=8968, stack(0x000000cdb0500000,0x000000cdb0600000) (1024K)]
  0x00000281e17b7f90 JavaThread "C1 CompilerThread2"         daemon [_thread_blocked, id=26536, stack(0x000000cdb1900000,0x000000cdb1a00000) (1024K)]
Total: 32

Other Threads:
=>0x00000281c7b4f4f0 VMThread "VM Thread"                           [id=22836, stack(0x000000cdadf00000,0x000000cdae000000) (1024K)]
  0x00000281d9e2a1c0 WatcherThread "VM Periodic Task Thread"        [id=26660, stack(0x000000cdade00000,0x000000cdadf00000) (1024K)]
  0x00000281c7b50710 WorkerThread "GC Thread#0"                     [id=22772, stack(0x000000cdad900000,0x000000cdada00000) (1024K)]
  0x00000281c7b4fc30 WorkerThread "GC Thread#1"                     [id=500, stack(0x000000cdaec00000,0x000000cdaed00000) (1024K)]
  0x00000281c7b4ffd0 WorkerThread "GC Thread#2"                     [id=26380, stack(0x000000cdaed00000,0x000000cdaee00000) (1024K)]
  0x00000281de8f9f90 WorkerThread "GC Thread#3"                     [id=21272, stack(0x000000cdaee00000,0x000000cdaef00000) (1024K)]
  0x00000281de8f89d0 WorkerThread "GC Thread#4"                     [id=27872, stack(0x000000cdaef00000,0x000000cdaf000000) (1024K)]
  0x00000281de8f8630 WorkerThread "GC Thread#5"                     [id=2656, stack(0x000000cdaf000000,0x000000cdaf100000) (1024K)]
  0x00000281de8f7ef0 WorkerThread "GC Thread#6"                     [id=2608, stack(0x000000cdaf100000,0x000000cdaf200000) (1024K)]
  0x00000281de8f9850 WorkerThread "GC Thread#7"                     [id=22392, stack(0x000000cdaf200000,0x000000cdaf300000) (1024K)]
  0x00000281c9f7e550 ConcurrentGCThread "G1 Main Marker"            [id=24016, stack(0x000000cdada00000,0x000000cdadb00000) (1024K)]
  0x00000281c7b4f150 WorkerThread "G1 Conc#0"                       [id=28204, stack(0x000000cdadb00000,0x000000cdadc00000) (1024K)]
  0x00000281de8f9bf0 WorkerThread "G1 Conc#1"                       [id=23744, stack(0x000000cdafd00000,0x000000cdafe00000) (1024K)]
  0x00000281d9d010b0 ConcurrentGCThread "G1 Refine#0"               [id=28560, stack(0x000000cdadc00000,0x000000cdadd00000) (1024K)]
  0x00000281d9d01ac0 ConcurrentGCThread "G1 Service"                [id=23340, stack(0x000000cdadd00000,0x000000cdade00000) (1024K)]
Total: 15

Threads with active compile tasks:
Total: 0

VM state: at safepoint (normal execution)

VM Mutex/Monitor currently owned by a thread:  ([mutex/lock_event])
[0x00007ffd1b51e320] Threads_lock - owner thread: 0x00000281c7b4f4f0
[0x00007ffd1b51e420] Heap_lock - owner thread: 0x00000281e1170be0

Heap address: 0x00000000a2c00000, size: 1492 MB, Compressed Oops mode: 32-bit

CDS archive(s) mapped at: [0x0000028180000000-0x0000028180c80000-0x0000028180c80000), size 13107200, SharedBaseAddress: 0x0000028180000000, ArchiveRelocationMode: 1.
Compressed class space mapped at: 0x0000028181000000-0x00000281c1000000, reserved size: 1073741824
Narrow klass base: 0x0000028180000000, Narrow klass shift: 0, Narrow klass range: 0x100000000

GC Precious Log:
 CardTable entry size: 512
 Card Set container configuration: InlinePtr #cards 5 size 8 Array Of Cards #cards 12 size 40 Howl #buckets 4 coarsen threshold 1843 Howl Bitmap #cards 512 size 80 coarsen threshold 460 Card regions per heap region 1 cards per card region 2048
 CPUs: 8 total, 8 available
 Memory: 5965M
 Large Page Support: Disabled
 NUMA Support: Disabled
 Compressed Oops: Enabled (32-bit)
 Heap Region Size: 1M
 Heap Min Capacity: 8M
 Heap Initial Capacity: 94M
 Heap Max Capacity: 1492M
 Pre-touch: Disabled
 Parallel Workers: 8
 Concurrent Workers: 2
 Concurrent Refinement Workers: 8
 Periodic GC: Disabled

Heap:
 garbage-first heap   total 122880K, used 86648K [0x00000000a2c00000, 0x0000000100000000)
  region size 1024K, 5 young (5120K), 5 survivors (5120K)
 Metaspace       used 37010K, committed 37888K, reserved 1114112K
  class space    used 5022K, committed 5440K, reserved 1048576K

Heap Regions: E=young(eden), S=young(survivor), O=old, HS=humongous(starts), HC=humongous(continues), CS=collection set, F=free, TAMS=top-at-mark-start, PB=parsable bottom
|   0|0x00000000a2c00000, 0x00000000a2d00000, 0x00000000a2d00000|100%|HS|  |TAMS 0x00000000a2d00000| PB 0x00000000a2c00000| Complete 
|   1|0x00000000a2d00000, 0x00000000a2e00000, 0x00000000a2e00000|100%|HS|  |TAMS 0x00000000a2e00000| PB 0x00000000a2d00000| Complete 
|   2|0x00000000a2e00000, 0x00000000a2f00000, 0x00000000a2f00000|100%|HS|  |TAMS 0x00000000a2f00000| PB 0x00000000a2e00000| Complete 
|   3|0x00000000a2f00000, 0x00000000a3000000, 0x00000000a3000000|100%| O|  |TAMS 0x00000000a3000000| PB 0x00000000a2f00000| Untracked 
|   4|0x00000000a3000000, 0x00000000a3100000, 0x00000000a3100000|100%| O|  |TAMS 0x00000000a3100000| PB 0x00000000a3000000| Untracked 
|   5|0x00000000a3100000, 0x00000000a3200000, 0x00000000a3200000|100%| O|  |TAMS 0x00000000a3200000| PB 0x00000000a3100000| Untracked 
|   6|0x00000000a3200000, 0x00000000a3300000, 0x00000000a3300000|100%| O|  |TAMS 0x00000000a3300000| PB 0x00000000a3200000| Untracked 
|   7|0x00000000a3300000, 0x00000000a3400000, 0x00000000a3400000|100%| O|  |TAMS 0x00000000a3400000| PB 0x00000000a3300000| Untracked 
|   8|0x00000000a3400000, 0x00000000a3500000, 0x00000000a3500000|100%| O|  |TAMS 0x00000000a3500000| PB 0x00000000a3400000| Untracked 
|   9|0x00000000a3500000, 0x00000000a3600000, 0x00000000a3600000|100%| O|  |TAMS 0x00000000a3600000| PB 0x00000000a3500000| Untracked 
|  10|0x00000000a3600000, 0x00000000a3700000, 0x00000000a3700000|100%| O|  |TAMS 0x00000000a3700000| PB 0x00000000a3600000| Untracked 
|  11|0x00000000a3700000, 0x00000000a3800000, 0x00000000a3800000|100%|HS|  |TAMS 0x00000000a3800000| PB 0x00000000a3700000| Complete 
|  12|0x00000000a3800000, 0x00000000a3900000, 0x00000000a3900000|100%|HC|  |TAMS 0x00000000a3900000| PB 0x00000000a3800000| Complete 
|  13|0x00000000a3900000, 0x00000000a3a00000, 0x00000000a3a00000|100%| O|  |TAMS 0x00000000a3a00000| PB 0x00000000a3900000| Untracked 
|  14|0x00000000a3a00000, 0x00000000a3b00000, 0x00000000a3b00000|100%| O|  |TAMS 0x00000000a3b00000| PB 0x00000000a3a00000| Untracked 
|  15|0x00000000a3b00000, 0x00000000a3c00000, 0x00000000a3c00000|100%| O|  |TAMS 0x00000000a3c00000| PB 0x00000000a3b00000| Untracked 
|  16|0x00000000a3c00000, 0x00000000a3d00000, 0x00000000a3d00000|100%| O|  |TAMS 0x00000000a3d00000| PB 0x00000000a3c00000| Untracked 
|  17|0x00000000a3d00000, 0x00000000a3e00000, 0x00000000a3e00000|100%| O|  |TAMS 0x00000000a3e00000| PB 0x00000000a3d00000| Untracked 
|  18|0x00000000a3e00000, 0x00000000a3f00000, 0x00000000a3f00000|100%| O|  |TAMS 0x00000000a3f00000| PB 0x00000000a3e00000| Untracked 
|  19|0x00000000a3f00000, 0x00000000a4000000, 0x00000000a4000000|100%| O|  |TAMS 0x00000000a4000000| PB 0x00000000a3f00000| Untracked 
|  20|0x00000000a4000000, 0x00000000a4100000, 0x00000000a4100000|100%| O|  |TAMS 0x00000000a4100000| PB 0x00000000a4000000| Untracked 
|  21|0x00000000a4100000, 0x00000000a4200000, 0x00000000a4200000|100%| O|  |TAMS 0x00000000a4200000| PB 0x00000000a4100000| Untracked 
|  22|0x00000000a4200000, 0x00000000a4300000, 0x00000000a4300000|100%| O|  |TAMS 0x00000000a4300000| PB 0x00000000a4200000| Untracked 
|  23|0x00000000a4300000, 0x00000000a4400000, 0x00000000a4400000|100%| O|  |TAMS 0x00000000a4400000| PB 0x00000000a4300000| Untracked 
|  24|0x00000000a4400000, 0x00000000a4500000, 0x00000000a4500000|100%| O|  |TAMS 0x00000000a4500000| PB 0x00000000a4400000| Untracked 
|  25|0x00000000a4500000, 0x00000000a4600000, 0x00000000a4600000|100%| O|  |TAMS 0x00000000a4600000| PB 0x00000000a4500000| Untracked 
|  26|0x00000000a4600000, 0x00000000a4700000, 0x00000000a4700000|100%| O|  |TAMS 0x00000000a4700000| PB 0x00000000a4600000| Untracked 
|  27|0x00000000a4700000, 0x00000000a4800000, 0x00000000a4800000|100%| O|  |TAMS 0x00000000a4800000| PB 0x00000000a4700000| Untracked 
|  28|0x00000000a4800000, 0x00000000a4900000, 0x00000000a4900000|100%| O|  |TAMS 0x00000000a4900000| PB 0x00000000a4800000| Untracked 
|  29|0x00000000a4900000, 0x00000000a4a00000, 0x00000000a4a00000|100%| O|  |TAMS 0x00000000a4a00000| PB 0x00000000a4900000| Untracked 
|  30|0x00000000a4a00000, 0x00000000a4b00000, 0x00000000a4b00000|100%| O|  |TAMS 0x00000000a4b00000| PB 0x00000000a4a00000| Untracked 
|  31|0x00000000a4b00000, 0x00000000a4c00000, 0x00000000a4c00000|100%| O|  |TAMS 0x00000000a4c00000| PB 0x00000000a4b00000| Untracked 
|  32|0x00000000a4c00000, 0x00000000a4d00000, 0x00000000a4d00000|100%| O|  |TAMS 0x00000000a4d00000| PB 0x00000000a4c00000| Untracked 
|  33|0x00000000a4d00000, 0x00000000a4e00000, 0x00000000a4e00000|100%| O|  |TAMS 0x00000000a4e00000| PB 0x00000000a4d00000| Untracked 
|  34|0x00000000a4e00000, 0x00000000a4f00000, 0x00000000a4f00000|100%| O|  |TAMS 0x00000000a4f00000| PB 0x00000000a4e00000| Untracked 
|  35|0x00000000a4f00000, 0x00000000a5000000, 0x00000000a5000000|100%| O|  |TAMS 0x00000000a5000000| PB 0x00000000a4f00000| Untracked 
|  36|0x00000000a5000000, 0x00000000a5100000, 0x00000000a5100000|100%| O|  |TAMS 0x00000000a5100000| PB 0x00000000a5000000| Untracked 
|  37|0x00000000a5100000, 0x00000000a5200000, 0x00000000a5200000|100%| O|  |TAMS 0x00000000a5200000| PB 0x00000000a5100000| Untracked 
|  38|0x00000000a5200000, 0x00000000a5300000, 0x00000000a5300000|100%| O|  |TAMS 0x00000000a5300000| PB 0x00000000a5200000| Untracked 
|  39|0x00000000a5300000, 0x00000000a5400000, 0x00000000a5400000|100%| O|  |TAMS 0x00000000a5400000| PB 0x00000000a5300000| Untracked 
|  40|0x00000000a5400000, 0x00000000a5500000, 0x00000000a5500000|100%| O|  |TAMS 0x00000000a5500000| PB 0x00000000a5400000| Untracked 
|  41|0x00000000a5500000, 0x00000000a5600000, 0x00000000a5600000|100%| O|  |TAMS 0x00000000a5600000| PB 0x00000000a5500000| Untracked 
|  42|0x00000000a5600000, 0x00000000a5700000, 0x00000000a5700000|100%| O|  |TAMS 0x00000000a5700000| PB 0x00000000a5600000| Untracked 
|  43|0x00000000a5700000, 0x00000000a5800000, 0x00000000a5800000|100%| O|  |TAMS 0x00000000a5800000| PB 0x00000000a5700000| Untracked 
|  44|0x00000000a5800000, 0x00000000a5900000, 0x00000000a5900000|100%| O|  |TAMS 0x00000000a5900000| PB 0x00000000a5800000| Untracked 
|  45|0x00000000a5900000, 0x00000000a5a00000, 0x00000000a5a00000|100%| O|  |TAMS 0x00000000a5a00000| PB 0x00000000a5900000| Untracked 
|  46|0x00000000a5a00000, 0x00000000a5b00000, 0x00000000a5b00000|100%| O|  |TAMS 0x00000000a5b00000| PB 0x00000000a5a00000| Untracked 
|  47|0x00000000a5b00000, 0x00000000a5c00000, 0x00000000a5c00000|100%| O|  |TAMS 0x00000000a5c00000| PB 0x00000000a5b00000| Untracked 
|  48|0x00000000a5c00000, 0x00000000a5d00000, 0x00000000a5d00000|100%| O|  |TAMS 0x00000000a5d00000| PB 0x00000000a5c00000| Untracked 
|  49|0x00000000a5d00000, 0x00000000a5e00000, 0x00000000a5e00000|100%| O|  |TAMS 0x00000000a5e00000| PB 0x00000000a5d00000| Untracked 
|  50|0x00000000a5e00000, 0x00000000a5f00000, 0x00000000a5f00000|100%| O|  |TAMS 0x00000000a5f00000| PB 0x00000000a5e00000| Untracked 
|  51|0x00000000a5f00000, 0x00000000a6000000, 0x00000000a6000000|100%| O|  |TAMS 0x00000000a6000000| PB 0x00000000a5f00000| Untracked 
|  52|0x00000000a6000000, 0x00000000a6100000, 0x00000000a6100000|100%| O|  |TAMS 0x00000000a6100000| PB 0x00000000a6000000| Untracked 
|  53|0x00000000a6100000, 0x00000000a6200000, 0x00000000a6200000|100%| O|  |TAMS 0x00000000a6200000| PB 0x00000000a6100000| Untracked 
|  54|0x00000000a6200000, 0x00000000a6300000, 0x00000000a6300000|100%| O|  |TAMS 0x00000000a6200000| PB 0x00000000a6200000| Untracked 
|  55|0x00000000a6300000, 0x00000000a6400000, 0x00000000a6400000|100%| O|  |TAMS 0x00000000a6400000| PB 0x00000000a6300000| Untracked 
|  56|0x00000000a6400000, 0x00000000a6500000, 0x00000000a6500000|100%| O|  |TAMS 0x00000000a6500000| PB 0x00000000a6400000| Untracked 
|  57|0x00000000a6500000, 0x00000000a6600000, 0x00000000a6600000|100%| O|  |TAMS 0x00000000a6600000| PB 0x00000000a6500000| Untracked 
|  58|0x00000000a6600000, 0x00000000a6700000, 0x00000000a6700000|100%| O|  |TAMS 0x00000000a6700000| PB 0x00000000a6600000| Untracked 
|  59|0x00000000a6700000, 0x00000000a6800000, 0x00000000a6800000|100%| O|  |TAMS 0x00000000a6800000| PB 0x00000000a6700000| Untracked 
|  60|0x00000000a6800000, 0x00000000a6900000, 0x00000000a6900000|100%| O|  |TAMS 0x00000000a6900000| PB 0x00000000a6800000| Untracked 
|  61|0x00000000a6900000, 0x00000000a6a00000, 0x00000000a6a00000|100%| O|  |TAMS 0x00000000a6a00000| PB 0x00000000a6900000| Untracked 
|  62|0x00000000a6a00000, 0x00000000a6b00000, 0x00000000a6b00000|100%| O|  |TAMS 0x00000000a6b00000| PB 0x00000000a6a00000| Untracked 
|  63|0x00000000a6b00000, 0x00000000a6c00000, 0x00000000a6c00000|100%| O|  |TAMS 0x00000000a6c00000| PB 0x00000000a6b00000| Untracked 
|  64|0x00000000a6c00000, 0x00000000a6d00000, 0x00000000a6d00000|100%| O|  |TAMS 0x00000000a6d00000| PB 0x00000000a6c00000| Untracked 
|  65|0x00000000a6d00000, 0x00000000a6e00000, 0x00000000a6e00000|100%| O|  |TAMS 0x00000000a6e00000| PB 0x00000000a6d00000| Untracked 
|  66|0x00000000a6e00000, 0x00000000a6f00000, 0x00000000a6f00000|100%| O|  |TAMS 0x00000000a6f00000| PB 0x00000000a6e00000| Untracked 
|  67|0x00000000a6f00000, 0x00000000a7000000, 0x00000000a7000000|100%| O|  |TAMS 0x00000000a7000000| PB 0x00000000a6f00000| Untracked 
|  68|0x00000000a7000000, 0x00000000a7100000, 0x00000000a7100000|100%| O|  |TAMS 0x00000000a7100000| PB 0x00000000a7000000| Untracked 
|  69|0x00000000a7100000, 0x00000000a7200000, 0x00000000a7200000|100%| O|  |TAMS 0x00000000a7200000| PB 0x00000000a7100000| Untracked 
|  70|0x00000000a7200000, 0x00000000a7300000, 0x00000000a7300000|100%| O|  |TAMS 0x00000000a7300000| PB 0x00000000a7200000| Untracked 
|  71|0x00000000a7300000, 0x00000000a7400000, 0x00000000a7400000|100%| O|  |TAMS 0x00000000a73ac790| PB 0x00000000a7300000| Untracked 
|  72|0x00000000a7400000, 0x00000000a7500000, 0x00000000a7500000|100%| O|  |TAMS 0x00000000a7400000| PB 0x00000000a7400000| Untracked 
|  73|0x00000000a7500000, 0x00000000a7600000, 0x00000000a7600000|100%| O|  |TAMS 0x00000000a7500000| PB 0x00000000a7500000| Untracked 
|  74|0x00000000a7600000, 0x00000000a7700000, 0x00000000a7700000|100%| O|  |TAMS 0x00000000a7600000| PB 0x00000000a7600000| Untracked 
|  75|0x00000000a7700000, 0x00000000a7800000, 0x00000000a7800000|100%| O|  |TAMS 0x00000000a7700000| PB 0x00000000a7700000| Untracked 
|  76|0x00000000a7800000, 0x00000000a7800000, 0x00000000a7900000|  0%| F|  |TAMS 0x00000000a7800000| PB 0x00000000a7800000| Untracked 
|  77|0x00000000a7900000, 0x00000000a7900000, 0x00000000a7a00000|  0%| F|  |TAMS 0x00000000a7900000| PB 0x00000000a7900000| Untracked 
|  78|0x00000000a7a00000, 0x00000000a7a00000, 0x00000000a7b00000|  0%| F|  |TAMS 0x00000000a7a00000| PB 0x00000000a7a00000| Untracked 
|  79|0x00000000a7b00000, 0x00000000a7b00000, 0x00000000a7c00000|  0%| F|  |TAMS 0x00000000a7b00000| PB 0x00000000a7b00000| Untracked 
|  80|0x00000000a7c00000, 0x00000000a7c00000, 0x00000000a7d00000|  0%| F|  |TAMS 0x00000000a7c00000| PB 0x00000000a7c00000| Untracked 
|  81|0x00000000a7d00000, 0x00000000a7e00000, 0x00000000a7e00000|100%| O|  |TAMS 0x00000000a7d00000| PB 0x00000000a7d00000| Untracked 
|  82|0x00000000a7e00000, 0x00000000a7f00000, 0x00000000a7f00000|100%| O|  |TAMS 0x00000000a7e00000| PB 0x00000000a7e00000| Untracked 
|  83|0x00000000a7f00000, 0x00000000a7f9e180, 0x00000000a8000000| 61%| O|  |TAMS 0x00000000a7f00000| PB 0x00000000a7f00000| Untracked 
|  84|0x00000000a8000000, 0x00000000a8100000, 0x00000000a8100000|100%| S|CS|TAMS 0x00000000a8000000| PB 0x00000000a8000000| Complete 
|  85|0x00000000a8100000, 0x00000000a8200000, 0x00000000a8200000|100%| S|CS|TAMS 0x00000000a8100000| PB 0x00000000a8100000| Complete 
|  86|0x00000000a8200000, 0x00000000a8300000, 0x00000000a8300000|100%| S|CS|TAMS 0x00000000a8200000| PB 0x00000000a8200000| Complete 
|  87|0x00000000a8300000, 0x00000000a8400000, 0x00000000a8400000|100%| S|CS|TAMS 0x00000000a8300000| PB 0x00000000a8300000| Complete 
|  88|0x00000000a8400000, 0x00000000a8500000, 0x00000000a8500000|100%| S|CS|TAMS 0x00000000a8400000| PB 0x00000000a8400000| Complete 
|  89|0x00000000a8500000, 0x00000000a8500000, 0x00000000a8600000|  0%| F|  |TAMS 0x00000000a8500000| PB 0x00000000a8500000| Untracked 
|  90|0x00000000a8600000, 0x00000000a8600000, 0x00000000a8700000|  0%| F|  |TAMS 0x00000000a8600000| PB 0x00000000a8600000| Untracked 
|  91|0x00000000a8700000, 0x00000000a8700000, 0x00000000a8800000|  0%| F|  |TAMS 0x00000000a8700000| PB 0x00000000a8700000| Untracked 
|  92|0x00000000a8800000, 0x00000000a8800000, 0x00000000a8900000|  0%| F|  |TAMS 0x00000000a8800000| PB 0x00000000a8800000| Untracked 
|  93|0x00000000a8900000, 0x00000000a8900000, 0x00000000a8a00000|  0%| F|  |TAMS 0x00000000a8900000| PB 0x00000000a8900000| Untracked 
|  94|0x00000000a8a00000, 0x00000000a8a00000, 0x00000000a8b00000|  0%| F|  |TAMS 0x00000000a8a00000| PB 0x00000000a8a00000| Untracked 
|  95|0x00000000a8b00000, 0x00000000a8b00000, 0x00000000a8c00000|  0%| F|  |TAMS 0x00000000a8b00000| PB 0x00000000a8b00000| Untracked 
|  96|0x00000000a8c00000, 0x00000000a8c00000, 0x00000000a8d00000|  0%| F|  |TAMS 0x00000000a8c00000| PB 0x00000000a8c00000| Untracked 
|  97|0x00000000a8d00000, 0x00000000a8d00000, 0x00000000a8e00000|  0%| F|  |TAMS 0x00000000a8d00000| PB 0x00000000a8d00000| Untracked 
|  98|0x00000000a8e00000, 0x00000000a8e00000, 0x00000000a8f00000|  0%| F|  |TAMS 0x00000000a8e00000| PB 0x00000000a8e00000| Untracked 
|  99|0x00000000a8f00000, 0x00000000a8f00000, 0x00000000a9000000|  0%| F|  |TAMS 0x00000000a8f00000| PB 0x00000000a8f00000| Untracked 
| 100|0x00000000a9000000, 0x00000000a9000000, 0x00000000a9100000|  0%| F|  |TAMS 0x00000000a9000000| PB 0x00000000a9000000| Untracked 
| 101|0x00000000a9100000, 0x00000000a9100000, 0x00000000a9200000|  0%| F|  |TAMS 0x00000000a9100000| PB 0x00000000a9100000| Untracked 
| 102|0x00000000a9200000, 0x00000000a9200000, 0x00000000a9300000|  0%| F|  |TAMS 0x00000000a9200000| PB 0x00000000a9200000| Untracked 
| 103|0x00000000a9300000, 0x00000000a9300000, 0x00000000a9400000|  0%| F|  |TAMS 0x00000000a9300000| PB 0x00000000a9300000| Untracked 
| 104|0x00000000a9400000, 0x00000000a9400000, 0x00000000a9500000|  0%| F|  |TAMS 0x00000000a9400000| PB 0x00000000a9400000| Untracked 
| 105|0x00000000a9500000, 0x00000000a9500000, 0x00000000a9600000|  0%| F|  |TAMS 0x00000000a9500000| PB 0x00000000a9500000| Untracked 
| 106|0x00000000a9600000, 0x00000000a9600000, 0x00000000a9700000|  0%| F|  |TAMS 0x00000000a9600000| PB 0x00000000a9600000| Untracked 
| 107|0x00000000a9700000, 0x00000000a9700000, 0x00000000a9800000|  0%| F|  |TAMS 0x00000000a9700000| PB 0x00000000a9700000| Untracked 
| 108|0x00000000a9800000, 0x00000000a9800000, 0x00000000a9900000|  0%| F|  |TAMS 0x00000000a9800000| PB 0x00000000a9800000| Untracked 
| 109|0x00000000a9900000, 0x00000000a9900000, 0x00000000a9a00000|  0%| F|  |TAMS 0x00000000a9900000| PB 0x00000000a9900000| Untracked 
| 110|0x00000000a9a00000, 0x00000000a9a00000, 0x00000000a9b00000|  0%| F|  |TAMS 0x00000000a9a00000| PB 0x00000000a9a00000| Untracked 
| 111|0x00000000a9b00000, 0x00000000a9b00000, 0x00000000a9c00000|  0%| F|  |TAMS 0x00000000a9b00000| PB 0x00000000a9b00000| Untracked 
| 112|0x00000000a9c00000, 0x00000000a9c00000, 0x00000000a9d00000|  0%| F|  |TAMS 0x00000000a9c00000| PB 0x00000000a9c00000| Untracked 
| 113|0x00000000a9d00000, 0x00000000a9d00000, 0x00000000a9e00000|  0%| F|  |TAMS 0x00000000a9d00000| PB 0x00000000a9d00000| Untracked 
| 114|0x00000000a9e00000, 0x00000000a9e00000, 0x00000000a9f00000|  0%| F|  |TAMS 0x00000000a9e00000| PB 0x00000000a9e00000| Untracked 
| 115|0x00000000a9f00000, 0x00000000a9f00000, 0x00000000aa000000|  0%| F|  |TAMS 0x00000000a9f00000| PB 0x00000000a9f00000| Untracked 
| 116|0x00000000aa000000, 0x00000000aa000000, 0x00000000aa100000|  0%| F|  |TAMS 0x00000000aa000000| PB 0x00000000aa000000| Untracked 
| 117|0x00000000aa100000, 0x00000000aa100000, 0x00000000aa200000|  0%| F|  |TAMS 0x00000000aa100000| PB 0x00000000aa100000| Untracked 
|1490|0x00000000ffe00000, 0x00000000fff00000, 0x00000000fff00000|100%| O|  |TAMS 0x00000000fff00000| PB 0x00000000ffe00000| Untracked 
|1491|0x00000000fff00000, 0x00000000fff00000, 0x0000000100000000|  0%| F|  |TAMS 0x00000000fff00000| PB 0x00000000fff00000| Untracked 

Card table byte_map: [0x00000281d5a10000,0x00000281d5d00000] _byte_map_base: 0x00000281d54fa000

Marking Bits: (CMBitMap*) 0x00000281c9f72090
 Bits: [0x00000281d5d00000, 0x00000281d7450000)

Polling page: 0x00000281c7cd0000

Metaspace:

Usage:
  Non-class:     31.24 MB used.
      Class:      4.90 MB used.
       Both:     36.14 MB used.

Virtual space:
  Non-class space:       64.00 MB reserved,      31.69 MB ( 50%) committed,  1 nodes.
      Class space:        1.00 GB reserved,       5.31 MB ( <1%) committed,  1 nodes.
             Both:        1.06 GB reserved,      37.00 MB (  3%) committed. 

Chunk freelists:
   Non-Class:  16.00 KB
       Class:  10.72 MB
        Both:  10.73 MB

MaxMetaspaceSize: unlimited
CompressedClassSpaceSize: 1.00 GB
Initial GC threshold: 21.00 MB
Current GC threshold: 52.75 MB
CDS: on
 - commit_granule_bytes: 65536.
 - commit_granule_words: 8192.
 - virtual_space_node_default_size: 8388608.
 - enlarge_chunks_in_place: 1.
 - use_allocation_guard: 0.


Internal statistics:

num_allocs_failed_limit: 45.
num_arena_births: 1766.
num_arena_deaths: 450.
num_vsnodes_births: 2.
num_vsnodes_deaths: 0.
num_space_committed: 592.
num_space_uncommitted: 0.
num_chunks_returned_to_freelist: 692.
num_chunks_taken_from_freelist: 3967.
num_chunk_merges: 300.
num_chunk_splits: 2178.
num_chunks_enlarged: 1009.
num_inconsistent_stats: 0.

CodeCache: size=49152Kb used=12133Kb max_used=12639Kb free=37018Kb
 bounds [0x00000281d2610000, 0x00000281d3270000, 0x00000281d5610000]
 total_blobs=6171 nmethods=5554 adapters=539
 compilation: enabled
              stopped_count=0, restarted_count=0
 full_count=0

Compilation events (20 events):
Event: 20.191 Thread 0x00000281e17b7f90 5643       1       java.nio.HeapCharBuffer::<init> (31 bytes)
Event: 20.191 Thread 0x00000281d9e662d0 nmethod 5642 0x00000281d3208510 code [0x00000281d32086a0, 0x00000281d3208770]
Event: 20.191 Thread 0x00000281d9e662d0 5644       1       java.nio.HeapCharBuffer::subSequence (7 bytes)
Event: 20.191 Thread 0x00000281d9e662d0 nmethod 5644 0x00000281d3208190 code [0x00000281d3208340, 0x00000281d3208448]
Event: 20.191 Thread 0x00000281d9e662d0 5648       1       java.util.Scanner::linePattern (20 bytes)
Event: 20.191 Thread 0x00000281e17b7f90 nmethod 5643 0x00000281d3207d10 code [0x00000281d3207ec0, 0x00000281d3208078]
Event: 20.191 Thread 0x00000281d9e662d0 nmethod 5648 0x00000281d3207890 code [0x00000281d3207a40, 0x00000281d3207c08]
Event: 20.191 Thread 0x00000281de8dc0f0 nmethod 5641 0x00000281d3206f10 code [0x00000281d32070e0, 0x00000281d3207658]
Event: 20.191 Thread 0x00000281de8dc0f0 5646       1       java.nio.CharBuffer::toString (13 bytes)
Event: 20.191 Thread 0x00000281d9e662d0 5645       1       java.nio.HeapCharBuffer::subSequence (48 bytes)
Event: 20.191 Thread 0x00000281e17b7f90 5647   !   1       java.nio.HeapCharBuffer::toString (30 bytes)
Event: 20.191 Thread 0x00000281de8dc0f0 nmethod 5646 0x00000281d3206b90 code [0x00000281d3206d40, 0x00000281d3206e48]
Event: 20.191 Thread 0x00000281de8dc0f0 5650       1       java.lang.Character::codePointBefore (48 bytes)
Event: 20.191 Thread 0x00000281e17b7f90 nmethod 5647 0x00000281d3206490 code [0x00000281d3206660, 0x00000281d3206948]
Event: 20.192 Thread 0x00000281d9e662d0 nmethod 5645 0x00000281d3205e10 code [0x00000281d3205fe0, 0x00000281d32062d8]
Event: 20.192 Thread 0x00000281de8dc0f0 nmethod 5650 0x00000281d3205990 code [0x00000281d3205b40, 0x00000281d3205d28]
Event: 20.192 Thread 0x00000281e17b7f90 5651       1       java.lang.Character::isLowSurrogate (18 bytes)
Event: 20.192 Thread 0x00000281d9e662d0 5649       1       java.util.regex.Matcher::pattern (5 bytes)
Event: 20.192 Thread 0x00000281d9e662d0 nmethod 5649 0x00000281d3205690 code [0x00000281d3205820, 0x00000281d32058e8]
Event: 20.192 Thread 0x00000281e17b7f90 nmethod 5651 0x00000281d3205390 code [0x00000281d3205520, 0x00000281d32055f0]

GC Heap History (20 events):
Event: 8.071 GC heap after
{Heap after GC invocations=6 (full 0):
 garbage-first heap   total 115712K, used 47381K [0x00000000a2c00000, 0x0000000100000000)
  region size 1024K, 6 young (6144K), 6 survivors (6144K)
 Metaspace       used 6040K, committed 6336K, reserved 1114112K
  class space    used 729K, committed 832K, reserved 1048576K
}
Event: 9.621 GC heap before
{Heap before GC invocations=6 (full 0):
 garbage-first heap   total 115712K, used 82197K [0x00000000a2c00000, 0x0000000100000000)
  region size 1024K, 41 young (41984K), 6 survivors (6144K)
 Metaspace       used 9637K, committed 9984K, reserved 1114112K
  class space    used 1257K, committed 1408K, reserved 1048576K
}
Event: 9.630 GC heap after
{Heap after GC invocations=7 (full 0):
 garbage-first heap   total 115712K, used 50034K [0x00000000a2c00000, 0x0000000100000000)
  region size 1024K, 3 young (3072K), 3 survivors (3072K)
 Metaspace       used 9637K, committed 9984K, reserved 1114112K
  class space    used 1257K, committed 1408K, reserved 1048576K
}
Event: 10.585 GC heap before
{Heap before GC invocations=8 (full 0):
 garbage-first heap   total 115712K, used 88946K [0x00000000a2c00000, 0x0000000100000000)
  region size 1024K, 41 young (41984K), 3 survivors (3072K)
 Metaspace       used 13939K, committed 14336K, reserved 1114112K
  class space    used 1750K, committed 1920K, reserved 1048576K
}
Event: 10.590 GC heap after
{Heap after GC invocations=9 (full 0):
 garbage-first heap   total 115712K, used 51069K [0x00000000a2c00000, 0x0000000100000000)
  region size 1024K, 4 young (4096K), 4 survivors (4096K)
 Metaspace       used 13939K, committed 14336K, reserved 1114112K
  class space    used 1750K, committed 1920K, reserved 1048576K
}
Event: 11.459 GC heap before
{Heap before GC invocations=9 (full 0):
 garbage-first heap   total 115712K, used 93053K [0x00000000a2c00000, 0x0000000100000000)
  region size 1024K, 45 young (46080K), 4 survivors (4096K)
 Metaspace       used 18104K, committed 18688K, reserved 1114112K
  class space    used 2472K, committed 2752K, reserved 1048576K
}
Event: 11.467 GC heap after
{Heap after GC invocations=10 (full 0):
 garbage-first heap   total 115712K, used 55064K [0x00000000a2c00000, 0x0000000100000000)
  region size 1024K, 6 young (6144K), 6 survivors (6144K)
 Metaspace       used 18104K, committed 18688K, reserved 1114112K
  class space    used 2472K, committed 2752K, reserved 1048576K
}
Event: 11.653 GC heap before
{Heap before GC invocations=10 (full 0):
 garbage-first heap   total 115712K, used 81688K [0x00000000a2c00000, 0x0000000100000000)
  region size 1024K, 34 young (34816K), 6 survivors (6144K)
 Metaspace       used 20727K, committed 21504K, reserved 1114112K
  class space    used 2864K, committed 3264K, reserved 1048576K
}
Event: 11.661 GC heap after
{Heap after GC invocations=11 (full 0):
 garbage-first heap   total 115712K, used 58228K [0x00000000a2c00000, 0x0000000100000000)
  region size 1024K, 4 young (4096K), 4 survivors (4096K)
 Metaspace       used 20727K, committed 21504K, reserved 1114112K
  class space    used 2864K, committed 3264K, reserved 1048576K
}
Event: 11.942 GC heap before
{Heap before GC invocations=12 (full 0):
 garbage-first heap   total 115712K, used 97140K [0x00000000a2c00000, 0x0000000100000000)
  region size 1024K, 43 young (44032K), 4 survivors (4096K)
 Metaspace       used 24533K, committed 25664K, reserved 1114112K
  class space    used 3427K, committed 3968K, reserved 1048576K
}
Event: 11.948 GC heap after
{Heap after GC invocations=13 (full 0):
 garbage-first heap   total 115712K, used 62292K [0x00000000a2c00000, 0x0000000100000000)
  region size 1024K, 6 young (6144K), 6 survivors (6144K)
 Metaspace       used 24533K, committed 25664K, reserved 1114112K
  class space    used 3427K, committed 3968K, reserved 1048576K
}
Event: 12.213 GC heap before
{Heap before GC invocations=13 (full 0):
 garbage-first heap   total 115712K, used 99156K [0x00000000a2c00000, 0x0000000100000000)
  region size 1024K, 43 young (44032K), 6 survivors (6144K)
 Metaspace       used 27119K, committed 28224K, reserved 1114112K
  class space    used 3827K, committed 4352K, reserved 1048576K
}
Event: 12.226 GC heap after
{Heap after GC invocations=14 (full 0):
 garbage-first heap   total 117760K, used 70751K [0x00000000a2c00000, 0x0000000100000000)
  region size 1024K, 6 young (6144K), 6 survivors (6144K)
 Metaspace       used 27119K, committed 28224K, reserved 1114112K
  class space    used 3827K, committed 4352K, reserved 1048576K
}
Event: 14.116 GC heap before
{Heap before GC invocations=14 (full 0):
 garbage-first heap   total 117760K, used 99423K [0x00000000a2c00000, 0x0000000100000000)
  region size 1024K, 35 young (35840K), 6 survivors (6144K)
 Metaspace       used 30834K, committed 31936K, reserved 1114112K
  class space    used 4305K, committed 4800K, reserved 1048576K
}
Event: 14.121 GC heap after
{Heap after GC invocations=15 (full 0):
 garbage-first heap   total 117760K, used 73070K [0x00000000a2c00000, 0x0000000100000000)
  region size 1024K, 2 young (2048K), 2 survivors (2048K)
 Metaspace       used 30834K, committed 31936K, reserved 1114112K
  class space    used 4305K, committed 4800K, reserved 1048576K
}
Event: 16.506 GC heap before
{Heap before GC invocations=16 (full 0):
 garbage-first heap   total 122880K, used 102766K [0x00000000a2c00000, 0x0000000100000000)
  region size 1024K, 32 young (32768K), 2 survivors (2048K)
 Metaspace       used 36564K, committed 37440K, reserved 1114112K
  class space    used 4964K, committed 5376K, reserved 1048576K
}
Event: 16.511 GC heap after
{Heap after GC invocations=17 (full 0):
 garbage-first heap   total 122880K, used 74662K [0x00000000a2c00000, 0x0000000100000000)
  region size 1024K, 4 young (4096K), 4 survivors (4096K)
 Metaspace       used 36564K, committed 37440K, reserved 1114112K
  class space    used 4964K, committed 5376K, reserved 1048576K
}
Event: 16.993 GC heap before
{Heap before GC invocations=17 (full 0):
 garbage-first heap   total 122880K, used 107430K [0x00000000a2c00000, 0x0000000100000000)
  region size 1024K, 37 young (37888K), 4 survivors (4096K)
 Metaspace       used 36810K, committed 37760K, reserved 1114112K
  class space    used 5000K, committed 5440K, reserved 1048576K
}
Event: 17.000 GC heap after
{Heap after GC invocations=18 (full 0):
 garbage-first heap   total 122880K, used 78513K [0x00000000a2c00000, 0x0000000100000000)
  region size 1024K, 5 young (5120K), 5 survivors (5120K)
 Metaspace       used 36810K, committed 37760K, reserved 1114112K
  class space    used 5000K, committed 5440K, reserved 1048576K
}
Event: 20.213 GC heap before
{Heap before GC invocations=18 (full 0):
 garbage-first heap   total 122880K, used 107185K [0x00000000a2c00000, 0x0000000100000000)
  region size 1024K, 35 young (35840K), 5 survivors (5120K)
 Metaspace       used 37010K, committed 37888K, reserved 1114112K
  class space    used 5022K, committed 5440K, reserved 1048576K
}

Dll operation events (13 events):
Event: 0.040 Loaded shared library C:\Users\juanc\.jdks\corretto-21.0.6\bin\java.dll
Event: 0.282 Loaded shared library C:\Users\juanc\.jdks\corretto-21.0.6\bin\zip.dll
Event: 0.291 Loaded shared library C:\Users\juanc\.jdks\corretto-21.0.6\bin\instrument.dll
Event: 0.306 Loaded shared library C:\Users\juanc\.jdks\corretto-21.0.6\bin\net.dll
Event: 0.315 Loaded shared library C:\Users\juanc\.jdks\corretto-21.0.6\bin\nio.dll
Event: 0.320 Loaded shared library C:\Users\juanc\.jdks\corretto-21.0.6\bin\zip.dll
Event: 0.815 Loaded shared library C:\Users\juanc\.jdks\corretto-21.0.6\bin\jimage.dll
Event: 7.899 Loaded shared library C:\Users\juanc\.jdks\corretto-21.0.6\bin\verify.dll
Event: 11.886 Loaded shared library C:\Users\juanc\.jdks\corretto-21.0.6\bin\management.dll
Event: 11.902 Loaded shared library C:\Users\juanc\.jdks\corretto-21.0.6\bin\management_ext.dll
Event: 13.364 Loaded shared library C:\Users\juanc\AppData\Local\Temp\jansi-2.4.0-36028673c8ccd937-jansi.dll
Event: 14.313 Loaded shared library C:\Users\juanc\.jdks\corretto-21.0.6\bin\sunmscapi.dll
Event: 14.348 Loaded shared library C:\Users\juanc\.jdks\corretto-21.0.6\bin\extnet.dll

Deoptimization events (20 events):
Event: 17.029 Thread 0x00000281e1d802b0 DEOPT PACKING pc=0x00000281d2ae2b9c sp=0x000000cdb31fe640
Event: 17.029 Thread 0x00000281e1d802b0 DEOPT UNPACKING pc=0x00000281d2664e42 sp=0x000000cdb31fdb08 mode 1
Event: 17.029 Thread 0x00000281e1d802b0 DEOPT PACKING pc=0x00000281d2e86a74 sp=0x000000cdb31fe6b0
Event: 17.029 Thread 0x00000281e1d802b0 DEOPT UNPACKING pc=0x00000281d2664e42 sp=0x000000cdb31fdca8 mode 1
Event: 17.029 Thread 0x00000281e1d802b0 DEOPT PACKING pc=0x00000281d2ae2b9c sp=0x000000cdb31fe8d0
Event: 17.029 Thread 0x00000281e1d802b0 DEOPT UNPACKING pc=0x00000281d2664e42 sp=0x000000cdb31fdda8 mode 1
Event: 17.029 Thread 0x00000281e1d802b0 DEOPT PACKING pc=0x00000281d30f29f4 sp=0x000000cdb31fece0
Event: 17.029 Thread 0x00000281e1d802b0 DEOPT UNPACKING pc=0x00000281d2664e42 sp=0x000000cdb31fe2a0 mode 1
Event: 17.029 Thread 0x00000281e1d802b0 DEOPT PACKING pc=0x00000281d30ec634 sp=0x000000cdb31fef60
Event: 17.029 Thread 0x00000281e1d802b0 DEOPT UNPACKING pc=0x00000281d2664e42 sp=0x000000cdb31fe5d0 mode 1
Event: 20.167 Thread 0x00000281e116fec0 DEOPT PACKING pc=0x00000281d2fdf1d4 sp=0x000000cdb02fe690
Event: 20.167 Thread 0x00000281e116fec0 DEOPT UNPACKING pc=0x00000281d2664e42 sp=0x000000cdb02fdbb8 mode 1
Event: 20.174 Thread 0x00000281e116eb10 DEOPT PACKING pc=0x00000281d2dc35ac sp=0x000000cdafffd8d0
Event: 20.174 Thread 0x00000281e116eb10 DEOPT UNPACKING pc=0x00000281d2664e42 sp=0x000000cdafffce48 mode 1
Event: 20.174 Thread 0x00000281e116eb10 DEOPT PACKING pc=0x00000281d2dc35ac sp=0x000000cdafffd8d0
Event: 20.174 Thread 0x00000281e116eb10 DEOPT UNPACKING pc=0x00000281d2664e42 sp=0x000000cdafffce48 mode 1
Event: 20.174 Thread 0x00000281e116eb10 DEOPT PACKING pc=0x00000281d2dc35ac sp=0x000000cdafffd8d0
Event: 20.174 Thread 0x00000281e116eb10 DEOPT UNPACKING pc=0x00000281d2664e42 sp=0x000000cdafffce48 mode 1
Event: 20.174 Thread 0x00000281e116eb10 DEOPT PACKING pc=0x00000281d2dc35ac sp=0x000000cdafffd8d0
Event: 20.174 Thread 0x00000281e116eb10 DEOPT UNPACKING pc=0x00000281d2664e42 sp=0x000000cdafffce48 mode 1

Classes loaded (20 events):
Event: 16.171 Loading class sun/nio/ch/SocketChannelImpl$DefaultOptionsHolder
Event: 16.172 Loading class sun/nio/ch/SocketChannelImpl$DefaultOptionsHolder done
Event: 16.172 Loading class sun/nio/ch/ExtendedSocketOption
Event: 16.172 Loading class sun/nio/ch/ExtendedSocketOption done
Event: 16.172 Loading class sun/nio/ch/ExtendedSocketOption$1
Event: 16.172 Loading class sun/nio/ch/ExtendedSocketOption$1 done
Event: 16.172 Loading class sun/nio/ch/SocketOptionRegistry
Event: 16.172 Loading class sun/nio/ch/SocketOptionRegistry done
Event: 16.172 Loading class sun/nio/ch/SocketOptionRegistry$RegistryKey
Event: 16.172 Loading class sun/nio/ch/SocketOptionRegistry$RegistryKey done
Event: 16.172 Loading class sun/nio/ch/SocketOptionRegistry$LazyInitialization
Event: 16.172 Loading class sun/nio/ch/SocketOptionRegistry$LazyInitialization done
Event: 16.173 Loading class sun/nio/ch/OptionKey
Event: 16.173 Loading class sun/nio/ch/OptionKey done
Event: 16.245 Loading class java/lang/CharacterDataUndefined
Event: 16.245 Loading class java/lang/CharacterDataUndefined done
Event: 16.308 Loading class java/text/ParseException
Event: 16.309 Loading class java/text/ParseException done
Event: 16.403 Loading class java/util/LinkedList$Node
Event: 16.404 Loading class java/util/LinkedList$Node done

Classes unloaded (20 events):
Event: 14.178 Thread 0x00000281c7b4f4f0 Unloading class 0x000002818127ac00 'java/lang/invoke/LambdaForm$MH+0x000002818127ac00'
Event: 14.178 Thread 0x00000281c7b4f4f0 Unloading class 0x000002818127b400 'java/lang/invoke/LambdaForm$MH+0x000002818127b400'
Event: 14.178 Thread 0x00000281c7b4f4f0 Unloading class 0x000002818127b000 'java/lang/invoke/LambdaForm$MH+0x000002818127b000'
Event: 14.178 Thread 0x00000281c7b4f4f0 Unloading class 0x000002818127a000 'java/lang/invoke/LambdaForm$MH+0x000002818127a000'
Event: 14.178 Thread 0x00000281c7b4f4f0 Unloading class 0x0000028181279c00 'java/lang/invoke/LambdaForm$MH+0x0000028181279c00'
Event: 14.178 Thread 0x00000281c7b4f4f0 Unloading class 0x0000028181279800 'java/lang/invoke/LambdaForm$MH+0x0000028181279800'
Event: 14.178 Thread 0x00000281c7b4f4f0 Unloading class 0x0000028181279400 'java/lang/invoke/LambdaForm$MH+0x0000028181279400'
Event: 14.178 Thread 0x00000281c7b4f4f0 Unloading class 0x0000028181279000 'java/lang/invoke/LambdaForm$MH+0x0000028181279000'
Event: 14.178 Thread 0x00000281c7b4f4f0 Unloading class 0x0000028181278400 'java/lang/invoke/LambdaForm$MH+0x0000028181278400'
Event: 14.178 Thread 0x00000281c7b4f4f0 Unloading class 0x0000028181278000 'java/lang/invoke/LambdaForm$MH+0x0000028181278000'
Event: 14.178 Thread 0x00000281c7b4f4f0 Unloading class 0x0000028181278800 'java/lang/invoke/LambdaForm$MH+0x0000028181278800'
Event: 14.178 Thread 0x00000281c7b4f4f0 Unloading class 0x0000028181271c00 'java/lang/invoke/LambdaForm$MH+0x0000028181271c00'
Event: 14.178 Thread 0x00000281c7b4f4f0 Unloading class 0x000002818125d800 'java/lang/invoke/LambdaForm$MH+0x000002818125d800'
Event: 14.178 Thread 0x00000281c7b4f4f0 Unloading class 0x000002818125cc00 'java/lang/invoke/LambdaForm$MH+0x000002818125cc00'
Event: 14.178 Thread 0x00000281c7b4f4f0 Unloading class 0x000002818125c800 'java/lang/invoke/LambdaForm$MH+0x000002818125c800'
Event: 14.178 Thread 0x00000281c7b4f4f0 Unloading class 0x000002818124f000 'java/lang/invoke/LambdaForm$MH+0x000002818124f000'
Event: 14.178 Thread 0x00000281c7b4f4f0 Unloading class 0x000002818124e400 'java/lang/invoke/LambdaForm$MH+0x000002818124e400'
Event: 14.178 Thread 0x00000281c7b4f4f0 Unloading class 0x000002818124d800 'java/lang/invoke/LambdaForm$MH+0x000002818124d800'
Event: 14.178 Thread 0x00000281c7b4f4f0 Unloading class 0x000002818124cc00 'java/lang/invoke/LambdaForm$MH+0x000002818124cc00'
Event: 14.178 Thread 0x00000281c7b4f4f0 Unloading class 0x000002818124c000 'java/lang/invoke/LambdaForm$MH+0x000002818124c000'

Classes redefined (0 events):
No events

Internal exceptions (20 events):
Event: 16.526 Thread 0x00000281e116eb10 Exception <a 'sun/nio/fs/WindowsException'{0x00000000aa113048}> (0x00000000aa113048) 
thrown [s\src\hotspot\share\prims\jni.cpp, line 520]
Event: 16.526 Thread 0x00000281e116eb10 Exception <a 'sun/nio/fs/WindowsException'{0x00000000aa1149c0}> (0x00000000aa1149c0) 
thrown [s\src\hotspot\share\prims\jni.cpp, line 520]
Event: 16.530 Thread 0x00000281e116eb10 Exception <a 'sun/nio/fs/WindowsException'{0x00000000aa118830}> (0x00000000aa118830) 
thrown [s\src\hotspot\share\prims\jni.cpp, line 520]
Event: 16.536 Thread 0x00000281e116eb10 Exception <a 'java/lang/NoSuchMethodError'{0x00000000aa121b48}: 'int java.lang.invoke.DirectMethodHandle$Holder.invokeVirtual(java.lang.Object, java.lang.Object, java.lang.Object)'> (0x00000000aa121b48) 
thrown [s\src\hotspot\share\interpreter\linkResolver.cpp, line 773]
Event: 16.656 Thread 0x00000281e116eb10 Exception <a 'sun/nio/fs/WindowsException'{0x00000000a9e81bc0}> (0x00000000a9e81bc0) 
thrown [s\src\hotspot\share\prims\jni.cpp, line 520]
Event: 16.656 Thread 0x00000281e116eb10 Exception <a 'sun/nio/fs/WindowsException'{0x00000000a9e821e8}> (0x00000000a9e821e8) 
thrown [s\src\hotspot\share\prims\jni.cpp, line 520]
Event: 16.656 Thread 0x00000281e116eb10 Exception <a 'sun/nio/fs/WindowsException'{0x00000000a9e828c8}> (0x00000000a9e828c8) 
thrown [s\src\hotspot\share\prims\jni.cpp, line 520]
Event: 16.657 Thread 0x00000281e116eb10 Exception <a 'sun/nio/fs/WindowsException'{0x00000000a9e82f18}> (0x00000000a9e82f18) 
thrown [s\src\hotspot\share\prims\jni.cpp, line 520]
Event: 16.657 Thread 0x00000281e116eb10 Exception <a 'sun/nio/fs/WindowsException'{0x00000000a9e83560}> (0x00000000a9e83560) 
thrown [s\src\hotspot\share\prims\jni.cpp, line 520]
Event: 16.657 Thread 0x00000281e116eb10 Exception <a 'sun/nio/fs/WindowsException'{0x00000000a9e83ef0}> (0x00000000a9e83ef0) 
thrown [s\src\hotspot\share\prims\jni.cpp, line 520]
Event: 16.658 Thread 0x00000281e116eb10 Exception <a 'sun/nio/fs/WindowsException'{0x00000000a9e84710}> (0x00000000a9e84710) 
thrown [s\src\hotspot\share\prims\jni.cpp, line 520]
Event: 16.658 Thread 0x00000281e116eb10 Exception <a 'sun/nio/fs/WindowsException'{0x00000000a9e84df0}> (0x00000000a9e84df0) 
thrown [s\src\hotspot\share\prims\jni.cpp, line 520]
Event: 16.658 Thread 0x00000281e116eb10 Exception <a 'sun/nio/fs/WindowsException'{0x00000000a9e85470}> (0x00000000a9e85470) 
thrown [s\src\hotspot\share\prims\jni.cpp, line 520]
Event: 16.712 Thread 0x00000281e116eb10 Exception <a 'sun/nio/fs/WindowsException'{0x00000000a9c35768}> (0x00000000a9c35768) 
thrown [s\src\hotspot\share\prims\jni.cpp, line 520]
Event: 16.713 Thread 0x00000281e116eb10 Exception <a 'sun/nio/fs/WindowsException'{0x00000000a9c35f88}> (0x00000000a9c35f88) 
thrown [s\src\hotspot\share\prims\jni.cpp, line 520]
Event: 16.713 Thread 0x00000281e116eb10 Exception <a 'sun/nio/fs/WindowsException'{0x00000000a9c36610}> (0x00000000a9c36610) 
thrown [s\src\hotspot\share\prims\jni.cpp, line 520]
Event: 16.713 Thread 0x00000281e116eb10 Exception <a 'sun/nio/fs/WindowsException'{0x00000000a9c36c90}> (0x00000000a9c36c90) 
thrown [s\src\hotspot\share\prims\jni.cpp, line 520]
Event: 16.969 Thread 0x00000281e09670e0 Exception <a 'sun/nio/fs/WindowsException'{0x00000000a8b753a0}> (0x00000000a8b753a0) 
thrown [s\src\hotspot\share\prims\jni.cpp, line 520]
Event: 16.976 Thread 0x00000281e09670e0 Exception <a 'sun/nio/fs/WindowsException'{0x00000000a8b75980}> (0x00000000a8b75980) 
thrown [s\src\hotspot\share\prims\jni.cpp, line 520]
Event: 16.989 Thread 0x00000281e09670e0 Exception <a 'sun/nio/fs/WindowsException'{0x00000000a8b75f38}> (0x00000000a8b75f38) 
thrown [s\src\hotspot\share\prims\jni.cpp, line 520]

ZGC Phase Switch (0 events):
No events

VM Operations (20 events):
Event: 14.401 Executing VM operation: HandshakeAllThreads (Deoptimize) done
Event: 14.412 Executing VM operation: HandshakeAllThreads (Deoptimize)
Event: 14.412 Executing VM operation: HandshakeAllThreads (Deoptimize) done
Event: 14.492 Executing VM operation: HandshakeAllThreads (Deoptimize)
Event: 14.492 Executing VM operation: HandshakeAllThreads (Deoptimize) done
Event: 14.731 Executing VM operation: HandshakeAllThreads (Deoptimize)
Event: 14.731 Executing VM operation: HandshakeAllThreads (Deoptimize) done
Event: 14.733 Executing VM operation: HandshakeAllThreads (Deoptimize)
Event: 14.734 Executing VM operation: HandshakeAllThreads (Deoptimize) done
Event: 15.735 Executing VM operation: Cleanup
Event: 15.735 Executing VM operation: Cleanup done
Event: 16.315 Executing VM operation: HandshakeAllThreads (Deoptimize)
Event: 16.315 Executing VM operation: HandshakeAllThreads (Deoptimize) done
Event: 16.506 Executing VM operation: G1CollectForAllocation (G1 Evacuation Pause)
Event: 16.512 Executing VM operation: G1CollectForAllocation (G1 Evacuation Pause) done
Event: 16.990 Executing VM operation: G1CollectForAllocation (G1 Evacuation Pause)
Event: 17.000 Executing VM operation: G1CollectForAllocation (G1 Evacuation Pause) done
Event: 18.000 Executing VM operation: Cleanup
Event: 18.001 Executing VM operation: Cleanup done
Event: 20.213 Executing VM operation: G1TryInitiateConcMark (G1 Humongous Allocation)

Memory protections (0 events):
No events

Nmethod flushes (20 events):
Event: 14.183 Thread 0x00000281c7b4f4f0 flushing  nmethod 0x00000281d28fa110
Event: 14.183 Thread 0x00000281c7b4f4f0 flushing  nmethod 0x00000281d2928810
Event: 14.183 Thread 0x00000281c7b4f4f0 flushing  nmethod 0x00000281d2a0d410
Event: 14.183 Thread 0x00000281c7b4f4f0 flushing  nmethod 0x00000281d2a0e290
Event: 14.183 Thread 0x00000281c7b4f4f0 flushing  nmethod 0x00000281d2a0ea10
Event: 14.183 Thread 0x00000281c7b4f4f0 flushing  nmethod 0x00000281d2a0f910
Event: 14.183 Thread 0x00000281c7b4f4f0 flushing  nmethod 0x00000281d2b7d910
Event: 14.183 Thread 0x00000281c7b4f4f0 flushing  nmethod 0x00000281d2e08c10
Event: 14.183 Thread 0x00000281c7b4f4f0 flushing  nmethod 0x00000281d2e09310
Event: 14.183 Thread 0x00000281c7b4f4f0 flushing  nmethod 0x00000281d2e09a10
Event: 14.183 Thread 0x00000281c7b4f4f0 flushing  nmethod 0x00000281d295a110
Event: 14.183 Thread 0x00000281c7b4f4f0 flushing  nmethod 0x00000281d2c99f90
Event: 14.183 Thread 0x00000281c7b4f4f0 flushing  nmethod 0x00000281d2c9e010
Event: 14.183 Thread 0x00000281c7b4f4f0 flushing  nmethod 0x00000281d2d57f90
Event: 14.183 Thread 0x00000281c7b4f4f0 flushing  nmethod 0x00000281d2d86f90
Event: 14.183 Thread 0x00000281c7b4f4f0 flushing  nmethod 0x00000281d2e1ec10
Event: 14.183 Thread 0x00000281c7b4f4f0 flushing  nmethod 0x00000281d28ff110
Event: 14.183 Thread 0x00000281c7b4f4f0 flushing  nmethod 0x00000281d2967510
Event: 14.183 Thread 0x00000281c7b4f4f0 flushing  nmethod 0x00000281d2a6b990
Event: 14.183 Thread 0x00000281c7b4f4f0 flushing  nmethod 0x00000281d2ae3990

Events (20 events):
Event: 17.101 Thread 0x00000281e0967770 Thread exited: 0x00000281e0967770
Event: 17.101 Thread 0x00000281e1d82a10 Thread exited: 0x00000281e1d82a10
Event: 17.101 Thread 0x00000281e1173340 Thread exited: 0x00000281e1173340
Event: 17.101 Thread 0x00000281dfe15030 Thread exited: 0x00000281dfe15030
Event: 17.101 Thread 0x00000281e1d81cf0 Thread exited: 0x00000281e1d81cf0
Event: 17.101 Thread 0x00000281e09663c0 Thread exited: 0x00000281e09663c0
Event: 17.101 Thread 0x00000281e11746f0 Thread exited: 0x00000281e11746f0
Event: 17.101 Thread 0x00000281e09670e0 Thread exited: 0x00000281e09670e0
Event: 17.101 Thread 0x00000281e1174060 Thread exited: 0x00000281e1174060
Event: 17.101 Thread 0x00000281e0965d30 Thread exited: 0x00000281e0965d30
Event: 17.101 Thread 0x00000281e1d830a0 Thread exited: 0x00000281e1d830a0
Event: 17.101 Thread 0x00000281e096a560 Thread exited: 0x00000281e096a560
Event: 17.101 Thread 0x00000281e0963c60 Thread exited: 0x00000281e0963c60
Event: 17.101 Thread 0x00000281e11739d0 Thread exited: 0x00000281e11739d0
Event: 17.101 Thread 0x00000281e1d80fd0 Thread exited: 0x00000281e1d80fd0
Event: 17.101 Thread 0x00000281e1171f90 Thread exited: 0x00000281e1171f90
Event: 17.101 Thread 0x00000281dfe149a0 Thread exited: 0x00000281dfe149a0
Event: 17.101 Thread 0x00000281dfe17100 Thread exited: 0x00000281dfe17100
Event: 17.101 Thread 0x00000281e096abf0 Thread exited: 0x00000281e096abf0
Event: 20.168 Thread 0x00000281e000be30 Thread exited: 0x00000281e000be30


Dynamic libraries:
0x00007ff7d28b0000 - 0x00007ff7d28be000 	C:\Users\juanc\.jdks\corretto-21.0.6\bin\java.EXE
0x00007ffdb8500000 - 0x00007ffdb8763000 	C:\WINDOWS\SYSTEM32\ntdll.dll
0x00007ffdb7070000 - 0x00007ffdb7137000 	C:\WINDOWS\System32\KERNEL32.DLL
0x00007ffdb5ab0000 - 0x00007ffdb5e77000 	C:\WINDOWS\System32\KERNELBASE.dll
0x00007ffdb5960000 - 0x00007ffdb5aac000 	C:\WINDOWS\System32\ucrtbase.dll
0x00007ffda9a40000 - 0x00007ffda9a58000 	C:\Users\juanc\.jdks\corretto-21.0.6\bin\jli.dll
0x00007ffda98f0000 - 0x00007ffda990b000 	C:\Users\juanc\.jdks\corretto-21.0.6\bin\VCRUNTIME140.dll
0x00007ffdb8220000 - 0x00007ffdb83e9000 	C:\WINDOWS\System32\USER32.dll
0x00007ffdb5fd0000 - 0x00007ffdb5ff7000 	C:\WINDOWS\System32\win32u.dll
0x00007ffdb8480000 - 0x00007ffdb84aa000 	C:\WINDOWS\System32\GDI32.dll
0x00007ffdb6180000 - 0x00007ffdb62ab000 	C:\WINDOWS\System32\gdi32full.dll
0x00007ffd9f7d0000 - 0x00007ffd9fa60000 	C:\WINDOWS\WinSxS\amd64_microsoft.windows.common-controls_6595b64144ccf1df_6.0.26100.3037_none_3e09262ce333c378\COMCTL32.dll
0x00007ffdb6970000 - 0x00007ffdb6a19000 	C:\WINDOWS\System32\msvcrt.dll
0x00007ffdb5f20000 - 0x00007ffdb5fc3000 	C:\WINDOWS\System32\msvcp_win.dll
0x00007ffdb7fe0000 - 0x00007ffdb800f000 	C:\WINDOWS\System32\IMM32.DLL
0x00007ffdb0010000 - 0x00007ffdb001c000 	C:\Users\juanc\.jdks\corretto-21.0.6\bin\vcruntime140_1.dll
0x00007ffd658e0000 - 0x00007ffd6596d000 	C:\Users\juanc\.jdks\corretto-21.0.6\bin\msvcp140.dll
0x00007ffd1a860000 - 0x00007ffd1b5ff000 	C:\Users\juanc\.jdks\corretto-21.0.6\bin\server\jvm.dll
0x00007ffdb8080000 - 0x00007ffdb8134000 	C:\WINDOWS\System32\ADVAPI32.dll
0x00007ffdb6570000 - 0x00007ffdb6616000 	C:\WINDOWS\System32\sechost.dll
0x00007ffdb6f50000 - 0x00007ffdb7066000 	C:\WINDOWS\System32\RPCRT4.dll
0x00007ffdb68e0000 - 0x00007ffdb6954000 	C:\WINDOWS\System32\WS2_32.dll
0x00007ffdb30b0000 - 0x00007ffdb30e6000 	C:\WINDOWS\SYSTEM32\WINMM.dll
0x00007ffda6270000 - 0x00007ffda627b000 	C:\WINDOWS\SYSTEM32\VERSION.dll
0x00007ffdb5570000 - 0x00007ffdb55be000 	C:\WINDOWS\SYSTEM32\POWRPROF.dll
0x00007ffdb5550000 - 0x00007ffdb5564000 	C:\WINDOWS\SYSTEM32\UMPDC.dll
0x00007ffdb46d0000 - 0x00007ffdb46ea000 	C:\WINDOWS\SYSTEM32\kernel.appcore.dll
0x00007ffda98a0000 - 0x00007ffda98aa000 	C:\Users\juanc\.jdks\corretto-21.0.6\bin\jimage.dll
0x00007ffdb2de0000 - 0x00007ffdb3021000 	C:\WINDOWS\SYSTEM32\DBGHELP.DLL
0x00007ffdb6a20000 - 0x00007ffdb6d9e000 	C:\WINDOWS\System32\combase.dll
0x00007ffdb8140000 - 0x00007ffdb8216000 	C:\WINDOWS\System32\OLEAUT32.dll
0x00007ffdb3050000 - 0x00007ffdb3089000 	C:\WINDOWS\SYSTEM32\dbgcore.DLL
0x00007ffdb5e80000 - 0x00007ffdb5f19000 	C:\WINDOWS\System32\bcryptPrimitives.dll
0x00007ffdaff80000 - 0x00007ffdaff8e000 	C:\Users\juanc\.jdks\corretto-21.0.6\bin\instrument.dll
0x00007ffda97a0000 - 0x00007ffda97bf000 	C:\Users\juanc\.jdks\corretto-21.0.6\bin\java.dll
0x00007ffda3170000 - 0x00007ffda31ac000 	C:\Users\juanc\.jdks\corretto-21.0.6\bin\jdwp.dll
0x00007ffdb7140000 - 0x00007ffdb7844000 	C:\WINDOWS\System32\SHELL32.dll
0x00007ffdb35a0000 - 0x00007ffdb3dd7000 	C:\WINDOWS\SYSTEM32\windows.storage.dll
0x00007ffdb6db0000 - 0x00007ffdb6e99000 	C:\WINDOWS\System32\SHCORE.dll
0x00007ffdb6880000 - 0x00007ffdb68dd000 	C:\WINDOWS\System32\shlwapi.dll
0x00007ffdb57b0000 - 0x00007ffdb57de000 	C:\WINDOWS\SYSTEM32\profapi.dll
0x00007ffda1b80000 - 0x00007ffda1b98000 	C:\Users\juanc\.jdks\corretto-21.0.6\bin\zip.dll
0x00007ffda31c0000 - 0x00007ffda31d0000 	C:\Users\juanc\.jdks\corretto-21.0.6\bin\net.dll
0x00007ffdaec80000 - 0x00007ffdaed9e000 	C:\WINDOWS\SYSTEM32\WINHTTP.dll
0x00007ffdb4be0000 - 0x00007ffdb4c4a000 	C:\WINDOWS\system32\mswsock.dll
0x00007ffda2ff0000 - 0x00007ffda3006000 	C:\Users\juanc\.jdks\corretto-21.0.6\bin\nio.dll
0x00007ffdaff60000 - 0x00007ffdaff6b000 	C:\Users\juanc\.jdks\corretto-21.0.6\bin\dt_socket.dll
0x00007ffdb4140000 - 0x00007ffdb4172000 	C:\WINDOWS\SYSTEM32\IPHLPAPI.DLL
0x00007ffdb41e0000 - 0x00007ffdb4305000 	C:\WINDOWS\SYSTEM32\DNSAPI.dll
0x00007ffdb6960000 - 0x00007ffdb696a000 	C:\WINDOWS\System32\NSI.dll
0x00007ffda8d70000 - 0x00007ffda8d7b000 	C:\Windows\System32\rasadhlp.dll
0x00007ffdaf890000 - 0x00007ffdaf915000 	C:\WINDOWS\System32\fwpuclnt.dll
0x00007ffd9a120000 - 0x00007ffd9a130000 	C:\Users\juanc\.jdks\corretto-21.0.6\bin\verify.dll
0x00007ffda8ed0000 - 0x00007ffda8ed9000 	C:\Users\juanc\.jdks\corretto-21.0.6\bin\management.dll
0x00007ffda8ec0000 - 0x00007ffda8ecb000 	C:\Users\juanc\.jdks\corretto-21.0.6\bin\management_ext.dll
0x00007ffdb64e0000 - 0x00007ffdb64e8000 	C:\WINDOWS\System32\PSAPI.DLL
0x0000000069ac0000 - 0x0000000069ae4000 	C:\Users\juanc\AppData\Local\Temp\jansi-2.4.0-36028673c8ccd937-jansi.dll
0x00007ffdb4e80000 - 0x00007ffdb4e9c000 	C:\WINDOWS\SYSTEM32\CRYPTSP.dll
0x00007ffdb4630000 - 0x00007ffdb4668000 	C:\WINDOWS\system32\rsaenh.dll
0x00007ffdb4c80000 - 0x00007ffdb4cab000 	C:\WINDOWS\SYSTEM32\USERENV.dll
0x00007ffdb50c0000 - 0x00007ffdb50e6000 	C:\WINDOWS\SYSTEM32\bcrypt.dll
0x00007ffdb4ea0000 - 0x00007ffdb4eac000 	C:\WINDOWS\SYSTEM32\CRYPTBASE.dll
0x00007ffda31b0000 - 0x00007ffda31be000 	C:\Users\juanc\.jdks\corretto-21.0.6\bin\sunmscapi.dll
0x00007ffdb6000000 - 0x00007ffdb6176000 	C:\WINDOWS\System32\CRYPT32.dll
0x00007ffdb5080000 - 0x00007ffdb50b0000 	C:\WINDOWS\SYSTEM32\ncrypt.dll
0x00007ffdb5030000 - 0x00007ffdb506f000 	C:\WINDOWS\SYSTEM32\NTASN1.dll
0x00007ffda3f40000 - 0x00007ffda3f48000 	C:\WINDOWS\system32\wshunix.dll
0x00007ffda1ab0000 - 0x00007ffda1ab9000 	C:\Users\juanc\.jdks\corretto-21.0.6\bin\extnet.dll

dbghelp: loaded successfully - version: 4.0.5 - missing functions: none
symbol engine: initialized successfully - sym options: 0x614 - pdb path: .;C:\Users\juanc\.jdks\corretto-21.0.6\bin;C:\WINDOWS\SYSTEM32;C:\WINDOWS\WinSxS\amd64_microsoft.windows.common-controls_6595b64144ccf1df_6.0.26100.3037_none_3e09262ce333c378;C:\Users\juanc\.jdks\corretto-21.0.6\bin\server;C:\Users\juanc\AppData\Local\Temp

VM Arguments:
jvm_args: -Dquarkus-internal.serialized-app-model.path=C:\Users\juanc\Desktop\Universidad\APIs\target\quarkus\bootstrap\dev-app-model.dat -javaagent:C:\Users\juanc\.m2\repository\io\quarkus\quarkus-class-change-agent\3.18.4\quarkus-class-change-agent-3.18.4.jar -XX:TieredStopAtLevel=1 -agentlib:jdwp=transport=dt_socket,address=localhost:5005,server=y,suspend=n -Djava.util.logging.manager=org.jboss.logmanager.LogManager 
java_command: C:\Users\juanc\Desktop\Universidad\APIs\target\proyecto-final-dev.jar
java_class_path (initial): C:\Users\juanc\Desktop\Universidad\APIs\target\proyecto-final-dev.jar
Launcher Type: SUN_STANDARD

[Global flags]
     intx CICompilerCount                          = 4                                         {product} {ergonomic}
     uint ConcGCThreads                            = 2                                         {product} {ergonomic}
     uint G1ConcRefinementThreads                  = 8                                         {product} {ergonomic}
   size_t G1HeapRegionSize                         = 1048576                                   {product} {ergonomic}
    uintx GCDrainStackTargetSize                   = 64                                        {product} {ergonomic}
   size_t InitialHeapSize                          = 98566144                                  {product} {ergonomic}
   size_t MarkStackSize                            = 4194304                                   {product} {ergonomic}
   size_t MaxHeapSize                              = 1564475392                                {product} {ergonomic}
   size_t MaxNewSize                               = 938475520                                 {product} {ergonomic}
   size_t MinHeapDeltaBytes                        = 1048576                                   {product} {ergonomic}
   size_t MinHeapSize                              = 8388608                                   {product} {ergonomic}
    uintx NonNMethodCodeHeapSize                   = 4096                                   {pd product} {ergonomic}
    uintx NonProfiledCodeHeapSize                  = 0                                      {pd product} {ergonomic}
     bool ProfileInterpreter                       = false                                  {pd product} {command line}
    uintx ProfiledCodeHeapSize                     = 0                                      {pd product} {ergonomic}
   size_t SoftMaxHeapSize                          = 1564475392                             {manageable} {ergonomic}
     intx TieredStopAtLevel                        = 1                                         {product} {command line}
     bool UseCompressedOops                        = true                           {product lp64_product} {ergonomic}
     bool UseG1GC                                  = true                                      {product} {ergonomic}
     bool UseLargePagesIndividualAllocation        = false                                  {pd product} {ergonomic}

Logging:
Log output configuration:
 #0: stdout all=warning uptime,level,tags foldmultilines=false
 #1: stderr all=off uptime,level,tags foldmultilines=false

Environment Variables:
JAVA_HOME=C:\Users\juanc\.jdks\corretto-21.0.6
PATH=C:\WINDOWS\system32;C:\WINDOWS;C:\WINDOWS\System32\Wbem;C:\WINDOWS\System32\WindowsPowerShell\v1.0\;C:\WINDOWS\System32\OpenSSH\;C:\Program Files\Oracle\VirtualBox\;C:\Users\juanc\.jdks\corretto-21.0.6\bin;C:\Program Files\Docker\Docker\resources\bin;C:\Program Files\Git\cmd;C:\Program Files\OpenSSL-Win64\bin;C:\Program Files\Go\bin;C:\Users\juanc\AppData\Local\Microsoft\WindowsApps;;C:\Program Files\JetBrains\IntelliJ IDEA 2024.3.3\bin;;C:\Users\juanc\go\bin;C:\Users\juanc\AppData\Local\Programs\Microsoft VS Code\bin
USERNAME=juanc
OS=Windows_NT
PROCESSOR_IDENTIFIER=AMD64 Family 23 Model 160 Stepping 0, AuthenticAMD
TMP=C:\Users\juanc\AppData\Local\Temp
TEMP=C:\Users\juanc\AppData\Local\Temp




Periodic native trim disabled

---------------  S Y S T E M  ---------------

OS:
 Windows 11 , 64 bit Build 26100 (10.0.26100.3037)
OS uptime: 2 days 23:19 hours
Hyper-V role detected

CPU: total 8 (initial active 8) (8 cores per cpu, 2 threads per core) family 23 model 160 stepping 0 microcode 0x8a00009, cx8, cmov, fxsr, ht, mmx, 3dnowpref, sse, sse2, sse3, ssse3, sse4a, sse4.1, sse4.2, popcnt, lzcnt, tsc, tscinvbit, avx, avx2, aes, clmul, bmi1, bmi2, adx, sha, fma, vzeroupper, clflush, clflushopt, hv, rdtscp, rdpid, f16c
Processor Information for processor 0
  Max Mhz: 2801, Current Mhz: 2801, Mhz Limit: 2801
Processor Information for processor 1
  Max Mhz: 2801, Current Mhz: 2246, Mhz Limit: 2801
Processor Information for processor 2
  Max Mhz: 2801, Current Mhz: 2246, Mhz Limit: 2801
Processor Information for processor 3
  Max Mhz: 2801, Current Mhz: 2801, Mhz Limit: 2801
Processor Information for processor 4
  Max Mhz: 2801, Current Mhz: 2246, Mhz Limit: 2801
Processor Information for processor 5
  Max Mhz: 2801, Current Mhz: 2801, Mhz Limit: 2801
Processor Information for processor 6
  Max Mhz: 2801, Current Mhz: 2246, Mhz Limit: 2801
Processor Information for processor 7
  Max Mhz: 2801, Current Mhz: 2246, Mhz Limit: 2801

Memory: 4k page, system-wide physical 5965M (565M free)
TotalPageFile size 24397M (AvailPageFile size 4M)
current process WorkingSet (physical memory assigned to process): 231M, peak: 243M
current process commit charge ("private bytes"): 293M, peak: 327M

vm_info: OpenJDK 64-Bit Server VM (21.0.6+7-LTS) for windows-amd64 JRE (21.0.6+7-LTS), built on 2025-01-07T23:42:01Z by "Administrator" with MS VC++ 16.10 / 16.11 (VS2019)

END.
